2019-12-21 11:41:07.300 INFO [main]net.xdclass.xdvideo.mapper.VideoOrderMapperTest.logStarting:50 -Starting VideoOrderMapperTest on TR1WBPXM8W00YR8 with PID 184068 (started by Administrator in E:\it\testProject\xdvideo3)
2019-12-21 11:41:07.316 INFO [main]net.xdclass.xdvideo.mapper.VideoOrderMapperTest.logStartupProfileInfo:659 -No active profile set, falling back to default profiles: default
2019-12-21 11:41:07.394 INFO [main]o.s.web.context.support.GenericWebApplicationContext.prepareRefresh:590 -Refreshing org.springframework.web.context.support.GenericWebApplicationContext@56ace400: startup date [Sat Dec 21 11:41:07 CST 2019]; root of context hierarchy
2019-12-21 11:41:09.185 INFO [main]o.s.d.repository.config.RepositoryConfigurationDelegate.multipleStoresDetected:163 -Multiple Spring Data modules found, entering strict repository configuration mode!
2019-12-21 11:41:10.273 INFO [main]o.s.c.s.PostProcessorRegistrationDelegate$BeanPostProcessorChecker.postProcessAfterInitialization:328 -Bean 'org.springframework.transaction.annotation.ProxyTransactionManagementConfiguration' of type [org.springframework.transaction.annotation.ProxyTransactionManagementConfiguration$$EnhancerBySpringCGLIB$$f8d1ac53] is not eligible for getting processed by all BeanPostProcessors (for example: not eligible for auto-proxying)
2019-12-21 11:41:11.573 INFO [main]o.s.web.servlet.handler.SimpleUrlHandlerMapping.registerHandler:373 -Mapped URL path [/**/favicon.ico] onto handler of type [class org.springframework.web.servlet.resource.ResourceHttpRequestHandler]
2019-12-21 11:41:12.382 INFO [main]o.s.w.s.m.method.annotation.RequestMappingHandlerAdapter.initControllerAdviceCache:574 -Looking for @ControllerAdvice: org.springframework.web.context.support.GenericWebApplicationContext@56ace400: startup date [Sat Dec 21 11:41:07 CST 2019]; root of context hierarchy
2019-12-21 11:41:12.624 INFO [main]o.s.w.s.m.method.annotation.RequestMappingHandlerMapping.register:547 -Mapped "{[/admin/api/v1/video/update_by_id],methods=[PUT]}" onto public java.lang.Object net.xdclass.xdvideo.controller.admin.VideoAdminController.update(net.xdclass.xdvideo.domain.Video)
2019-12-21 11:41:12.624 INFO [main]o.s.w.s.m.method.annotation.RequestMappingHandlerMapping.register:547 -Mapped "{[/admin/api/v1/video/save],methods=[POST]}" onto public java.lang.Object net.xdclass.xdvideo.controller.admin.VideoAdminController.save(net.xdclass.xdvideo.domain.Video)
2019-12-21 11:41:12.624 INFO [main]o.s.w.s.m.method.annotation.RequestMappingHandlerMapping.register:547 -Mapped "{[/admin/api/v1/video/del_by_id],methods=[DELETE]}" onto public java.lang.Object net.xdclass.xdvideo.controller.admin.VideoAdminController.delById(int)
2019-12-21 11:41:12.624 INFO [main]o.s.w.s.m.method.annotation.RequestMappingHandlerMapping.register:547 -Mapped "{[/user/api/v1/order/add],methods=[GET]}" onto public void net.xdclass.xdvideo.controller.OrderController.saveOrder(int,javax.servlet.http.HttpServletRequest,javax.servlet.http.HttpServletResponse) throws java.lang.Exception
2019-12-21 11:41:12.624 INFO [main]o.s.w.s.m.method.annotation.RequestMappingHandlerMapping.register:547 -Mapped "{[/test]}" onto public java.lang.String net.xdclass.xdvideo.controller.TestController.test()
2019-12-21 11:41:12.624 INFO [main]o.s.w.s.m.method.annotation.RequestMappingHandlerMapping.register:547 -Mapped "{[/test_config]}" onto public net.xdclass.xdvideo.domain.JsonData net.xdclass.xdvideo.controller.TestController.testConfig()
2019-12-21 11:41:12.624 INFO [main]o.s.w.s.m.method.annotation.RequestMappingHandlerMapping.register:547 -Mapped "{[/test_db]}" onto public java.lang.Object net.xdclass.xdvideo.controller.TestController.testDB()
2019-12-21 11:41:12.655 INFO [main]o.s.w.s.m.method.annotation.RequestMappingHandlerMapping.register:547 -Mapped "{[/api/v1/video/find_by_id],methods=[GET]}" onto public java.lang.Object net.xdclass.xdvideo.controller.VideoController.findById(int)
2019-12-21 11:41:12.655 INFO [main]o.s.w.s.m.method.annotation.RequestMappingHandlerMapping.register:547 -Mapped "{[/api/v1/video/page],methods=[GET]}" onto public java.lang.Object net.xdclass.xdvideo.controller.VideoController.pageVideo(int,int)
2019-12-21 11:41:12.655 INFO [main]o.s.w.s.m.method.annotation.RequestMappingHandlerMapping.register:547 -Mapped "{[/api/v1/wechat/user/callback],methods=[GET]}" onto public void net.xdclass.xdvideo.controller.WechatController.wechatUserCallback(java.lang.String,java.lang.String,javax.servlet.http.HttpServletResponse) throws java.io.IOException
2019-12-21 11:41:12.655 INFO [main]o.s.w.s.m.method.annotation.RequestMappingHandlerMapping.register:547 -Mapped "{[/api/v1/wechat/login_url],methods=[GET]}" onto public net.xdclass.xdvideo.domain.JsonData net.xdclass.xdvideo.controller.WechatController.loginUrl(java.lang.String) throws java.io.UnsupportedEncodingException
2019-12-21 11:41:12.655 INFO [main]o.s.w.s.m.method.annotation.RequestMappingHandlerMapping.register:547 -Mapped "{[/api/v1/wechat/order/callback]}" onto public void net.xdclass.xdvideo.controller.WechatController.orderCallback(javax.servlet.http.HttpServletRequest,javax.servlet.http.HttpServletResponse) throws java.lang.Exception
2019-12-21 11:41:12.655 INFO [main]o.s.w.s.m.method.annotation.RequestMappingHandlerMapping.register:547 -Mapped "{[/error]}" onto public org.springframework.http.ResponseEntity<java.util.Map<java.lang.String, java.lang.Object>> org.springframework.boot.autoconfigure.web.servlet.error.BasicErrorController.error(javax.servlet.http.HttpServletRequest)
2019-12-21 11:41:12.655 INFO [main]o.s.w.s.m.method.annotation.RequestMappingHandlerMapping.register:547 -Mapped "{[/error],produces=[text/html]}" onto public org.springframework.web.servlet.ModelAndView org.springframework.boot.autoconfigure.web.servlet.error.BasicErrorController.errorHtml(javax.servlet.http.HttpServletRequest,javax.servlet.http.HttpServletResponse)
2019-12-21 11:41:12.702 INFO [main]o.s.web.servlet.handler.SimpleUrlHandlerMapping.registerHandler:373 -Mapped URL path [/webjars/**] onto handler of type [class org.springframework.web.servlet.resource.ResourceHttpRequestHandler]
2019-12-21 11:41:12.702 INFO [main]o.s.web.servlet.handler.SimpleUrlHandlerMapping.registerHandler:373 -Mapped URL path [/**] onto handler of type [class org.springframework.web.servlet.resource.ResourceHttpRequestHandler]
2019-12-21 11:41:12.733 INFO [main]o.s.w.s.m.m.annotation.ExceptionHandlerExceptionResolver.initExceptionHandlerAdviceCache:288 -Detected @ExceptionHandler methods in xdExceptionHandler
2019-12-21 11:41:14.014 INFO [main]net.xdclass.xdvideo.mapper.VideoOrderMapperTest.logStarted:59 -Started VideoOrderMapperTest in 7.685 seconds (JVM running for 10.962)
2019-12-21 11:41:14.483 INFO [main]com.alibaba.druid.pool.DruidDataSource.init:922 -{dataSource-1} inited
